npm_config_save_dev=
npm_config_legacy_bundling=
npm_config_dry_run=
npm_config_viewer=man
npm_config_only=
npm_config_commit_hooks=true
npm_config_browser=
npm_package_gitHead=88335a431bb28c1c9caf29bc35622a4f561b47c6
npm_config_also=
npm_config_rollback=true
TERM_PROGRAM=iTerm.app
NODE=/Users/peterharding/.nvm/versions/node/v8.9.1/bin/node
npm_config_usage=
INIT_CWD=/Users/peterharding/repos/yarn_prefix_bug
NVM_CD_FLAGS=-q
ANDROID_HOME=/Users/peterharding/Library/Android/sdk/
npm_config_globalignorefile=/Users/peterharding/.nvm/versions/node/v8.9.1/etc/npmignore
TERM=xterm-256color
SHELL=/bin/zsh
npm_config_shell=/bin/zsh
npm_config_maxsockets=50
npm_config_init_author_url=
npm_config_shrinkwrap=true
npm_config_parseable=
npm_config_metrics_registry=https://registry.npmjs.org/
TMPDIR=/var/folders/ln/2nnrzzhd4yj2glhfvj_dsg840000gn/T/
npm_config_timing=
npm_config_init_license=ISC
Apple_PubSub_Socket_Render=/private/tmp/com.apple.launchd.tV22Fmuu4b/Render
npm_config_if_present=
TERM_PROGRAM_VERSION=3.1.5
npm_config_sign_git_tag=
npm_config_init_author_email=
npm_config_cache_max=Infinity
npm_config_long=
npm_config_local_address=
npm_config_git_tag_version=true
npm_config_cert=
TERM_SESSION_ID=w0t4p0:26C6B50D-19E4-463E-9E40-7AD4078E82B7
npm_config_registry=https://registry.npmjs.org/
npm_config_fetch_retries=2
ZSH=/Users/peterharding/.oh-my-zsh
npm_config_versions=
npm_config_message=%s
npm_config_key=
npm_package_readmeFilename=README.md
npm_package_description=yarn bug with nvm and PREFIX environment variable
NVM_DIR=/Users/peterharding/.nvm
USER=peterharding
npm_package_license=ISC
npm_config_globalconfig=/Users/peterharding/.nvm/versions/node/v8.9.1/etc/npmrc
npm_config_prefer_online=
npm_config_logs_max=10
npm_config_always_auth=
__CF_USER_TEXT_ENCODING=0x1F5:0x0:0x0
npm_execpath=/Users/peterharding/.nvm/versions/node/v8.9.1/lib/node_modules/npm/bin/npm-cli.js
npm_config_global_style=
npm_config_cache_lock_retries=10
npm_config_cafile=
PAGER=less
npm_package_author_name=peter harding
npm_config_heading=npm
LSCOLORS=Gxfxcxdxbxegedabagacad
npm_config_searchlimit=20
npm_config_read_only=
npm_config_offline=
npm_config_fetch_retry_mintimeout=10000
npm_config_json=
npm_config_access=
npm_config_argv={"remain":[],"cooked":["run","example"],"original":["run","example"]}
PATH=/Users/peterharding/.nvm/versions/node/v8.9.1/lib/node_modules/npm/bin/node-gyp-bin:/Users/peterharding/repos/yarn_prefix_bug/node_modules/.bin:/Users/peterharding/.nvm/versions/node/v8.9.1/bin:/usr/local/bin:/usr/bin:/bin:/usr/sbin:/sbin:/opt/X11/bin:/Users/peterharding/Library/Android/sdk//tools:/Users/peterharding/Library/Android/sdk//platform-tools:/Users/peterharding/repos/build-system:/Users/peterharding/repos/build-system/resources/bin
npm_config_allow_same_version=
npm_config_https_proxy=
npm_config_engine_strict=
npm_config_description=true
npm_config_userconfig=/Users/peterharding/.npmrc
npm_config_init_module=/Users/peterharding/.npm-init.js
npm_config_cidr=
PWD=/Users/peterharding/repos/yarn_prefix_bug
npm_config_user=501
npm_config_node_version=8.9.1
npm_lifecycle_event=example
npm_config_save=true
npm_config_ignore_prepublish=
npm_config_editor=vi
npm_config_auth_type=legacy
npm_package_name=yarn_prefix_bug
LANG=en_CA.UTF-8
npm_config_tag=latest
npm_config_script_shell=
ITERM_PROFILE=Default
npm_config_progress=true
npm_config_global=
npm_config_searchstaleness=900
npm_config_optional=true
npm_config_ham_it_up=
XPC_FLAGS=0x0
npm_config_save_prod=
npm_config_force=
npm_config_bin_links=true
npm_config_searchopts=
npm_config_depth=Infinity
npm_config_sso_poll_frequency=500
npm_config_rebuild_bundle=true
npm_package_version=1.0.0
XPC_SERVICE_NAME=0
npm_config_unicode=true
npm_package_scripts_example=./example.sh && env
SHLVL=2
HOME=/Users/peterharding
COLORFGBG=7;0
npm_config_fetch_retry_maxtimeout=60000
npm_config_tag_version_prefix=v
npm_config_strict_ssl=true
npm_config_sso_type=oauth
npm_config_scripts_prepend_node_path=warn-only
npm_config_save_prefix=^
npm_config_loglevel=notice
npm_config_ca=
npm_config_save_exact=
npm_config_group=20
npm_config_fetch_retry_factor=10
npm_config_dev=
npm_config_version=
npm_config_prefer_offline=
npm_config_cache_lock_stale=60000
npm_package_scripts_preexample=env | grep PREFIX
npm_config_otp=
npm_config_cache_min=10
ITERM_SESSION_ID=w0t4p0:26C6B50D-19E4-463E-9E40-7AD4078E82B7
npm_config_searchexclude=
npm_config_cache=/Users/peterharding/.npm
LESS=-R
LOGNAME=peterharding
npm_lifecycle_script=./example.sh && env
npm_config_color=true
npm_config_proxy=
npm_config_package_lock=true
LC_CTYPE=en_CA.UTF-8
npm_config_save_optional=
NVM_BIN=/Users/peterharding/.nvm/versions/node/v8.9.1/bin
npm_config_ignore_scripts=
npm_config_user_agent=npm/5.5.1 node/v8.9.1 darwin x64
npm_config_cache_lock_wait=10000
npm_config_production=
DISPLAY=/private/tmp/com.apple.launchd.BAEc7MMVPp/org.macosforge.xquartz:0
npm_config_send_metrics=
npm_config_save_bundle=
npm_config_umask=0022
npm_config_init_version=1.0.0
npm_config_init_author_name=
npm_config_git=git
npm_config_scope=
npm_config_unsafe_perm=true
npm_config_tmp=/var/folders/ln/2nnrzzhd4yj2glhfvj_dsg840000gn/T
npm_config_onload_script=
npm_node_execpath=/Users/peterharding/.nvm/versions/node/v8.9.1/bin/node
npm_config_prefix=/Users/peterharding/.nvm/versions/node/v8.9.1
npm_config_link=
COLORTERM=truecolor
_=/usr/bin/env