TERM_SESSION_ID=w0t4p0:26C6B50D-19E4-463E-9E40-7AD4078E82B7
Apple_PubSub_Socket_Render=/private/tmp/com.apple.launchd.tV22Fmuu4b/Render
COLORFGBG=7;0
ITERM_PROFILE=Default
XPC_FLAGS=0x0
LANG=en_CA.UTF-8
PWD=/Users/peterharding/repos/yarn_prefix_bug
SHELL=/bin/zsh
TERM_PROGRAM_VERSION=3.1.5
TERM_PROGRAM=iTerm.app
PATH=/Users/peterharding/.nvm/versions/node/v8.9.1/bin:/usr/local/bin:/usr/bin:/bin:/usr/sbin:/sbin:/opt/X11/bin:/Users/peterharding/Library/Android/sdk//tools:/Users/peterharding/Library/Android/sdk//platform-tools:/Users/peterharding/repos/build-system:/Users/peterharding/repos/build-system/resources/bin
DISPLAY=/private/tmp/com.apple.launchd.BAEc7MMVPp/org.macosforge.xquartz:0
COLORTERM=truecolor
TERM=xterm-256color
HOME=/Users/peterharding
TMPDIR=/var/folders/ln/2nnrzzhd4yj2glhfvj_dsg840000gn/T/
USER=peterharding
XPC_SERVICE_NAME=0
LOGNAME=peterharding
__CF_USER_TEXT_ENCODING=0x1F5:0x0:0x0
ITERM_SESSION_ID=w0t4p0:26C6B50D-19E4-463E-9E40-7AD4078E82B7
SHLVL=1
OLDPWD=/Users/peterharding
ZSH=/Users/peterharding/.oh-my-zsh
ANDROID_HOME=/Users/peterharding/Library/Android/sdk/
PAGER=less
LESS=-R
LC_CTYPE=en_CA.UTF-8
LSCOLORS=Gxfxcxdxbxegedabagacad
NVM_DIR=/Users/peterharding/.nvm
NVM_CD_FLAGS=-q
NVM_BIN=/Users/peterharding/.nvm/versions/node/v8.9.1/bin
_=/usr/bin/env