TERM_PROGRAM=iTerm.app
NODE=/Users/peterharding/.nvm/versions/node/v8.9.1/bin/node
npm_config_version_git_tag=true
ANDROID_HOME=/Users/peterharding/Library/Android/sdk/
NVM_CD_FLAGS=-q
SHELL=/bin/zsh
TERM=xterm-256color
TMPDIR=/var/folders/ln/2nnrzzhd4yj2glhfvj_dsg840000gn/T/
npm_config_init_license=MIT
Apple_PubSub_Socket_Render=/private/tmp/com.apple.launchd.tV22Fmuu4b/Render
TERM_PROGRAM_VERSION=3.1.5
TERM_SESSION_ID=w0t4p0:26C6B50D-19E4-463E-9E40-7AD4078E82B7
npm_config_registry=https://registry.yarnpkg.com
ZSH=/Users/peterharding/.oh-my-zsh
npm_package_readmeFilename=README.md
npm_package_description=yarn bug with nvm and PREFIX environment variable
USER=peterharding
NVM_DIR=/Users/peterharding/.nvm
npm_package_license=ISC
__CF_USER_TEXT_ENCODING=0x1F5:0x0:0x0
npm_execpath=/usr/local/Cellar/yarn/1.3.2/libexec/bin/yarn.js
PAGER=less
npm_package_author_name=peter harding
LSCOLORS=Gxfxcxdxbxegedabagacad
npm_config_argv={"remain":[],"cooked":["run","example"],"original":["run","example"]}
PATH=/Users/peterharding/repos/yarn_prefix_bug/node_modules/.bin:/Users/peterharding/.config/yarn/link/node_modules/.bin:/Users/peterharding/repos/yarn_prefix_bug/node_modules/.bin:/Users/peterharding/.config/yarn/link/node_modules/.bin:/Users/peterharding/.nvm/versions/node/v8.9.1/lib/node_modules/npm/bin/node-gyp-bin:/Users/peterharding/.nvm/versions/node/v8.9.1/bin/node_modules/npm/bin/node-gyp-bin:/Users/peterharding/.nvm/versions/node/v8.9.1/bin:/usr/local/bin:/usr/bin:/bin:/usr/sbin:/sbin:/opt/X11/bin:/Users/peterharding/Library/Android/sdk//tools:/Users/peterharding/Library/Android/sdk//platform-tools:/Users/peterharding/repos/build-system:/Users/peterharding/repos/build-system/resources/bin
PWD=/Users/peterharding/repos/yarn_prefix_bug
npm_lifecycle_event=example
npm_package_name=yarn_prefix_bug
LANG=en_CA.UTF-8
ITERM_PROFILE=Default
XPC_FLAGS=0x0
npm_package_version=1.0.0
XPC_SERVICE_NAME=0
npm_package_scripts_example=./example.sh && env
COLORFGBG=7;0
HOME=/Users/peterharding
SHLVL=2
npm_config_strict_ssl=true
npm_config_save_prefix=^
npm_config_version_git_message=v%s
npm_package_scripts_preexample=env | grep PREFIX
ITERM_SESSION_ID=w0t4p0:26C6B50D-19E4-463E-9E40-7AD4078E82B7
YARN_WRAP_OUTPUT=false
LOGNAME=peterharding
LESS=-R
npm_lifecycle_script=./example.sh && env
PREFIX=/usr/local
LC_CTYPE=en_CA.UTF-8
NVM_BIN=/Users/peterharding/.nvm/versions/node/v8.9.1/bin
npm_config_user_agent=yarn/1.3.2 npm/? node/v8.9.1 darwin x64
npm_config_ignore_scripts=
npm_config_version_git_sign=
DISPLAY=/private/tmp/com.apple.launchd.BAEc7MMVPp/org.macosforge.xquartz:0
npm_config_ignore_optional=
npm_config_init_version=1.0.0
npm_config_version_tag_prefix=v
npm_node_execpath=/Users/peterharding/.nvm/versions/node/v8.9.1/bin/node
COLORTERM=truecolor
_=/usr/bin/env